<?xml version="1.0" encoding="UTF-8"?>
<!-- Generated by org.testng.reporters.JUnitReportReporter -->
<testsuite name="com.example.tests.TestStatus" tests="1" time="63.878" ignored="0" failures="0" timestamp="18 Jan 2017 12:45:13 GMT" skipped="0" hostname="QB-TP3-1215" errors="0">
  <testcase name="testStatus" time="63.878" classname="com.example.tests.TestStatus"/>
</testsuite> <!-- com.example.tests.TestStatus -->
